
10월 21, 2024 11:32:23.928 NEW SESSION
10월 21, 2024 11:32:23.928 [10160:6452:1021/113223.913:ERROR:content_settings_pref.cc(381)] Invalid pattern strings: http://[*.]www.google,com,*
10월 21, 2024 11:32:26.854 Created TensorFlow Lite XNNPACK delegate for CPU.
10월 21, 2024 11:32:26.998 [10160:12280:1021/113226.997:ERROR:registration_request.cc(291)] Registration response error message: DEPRECATED_ENDPOINT
10월 21, 2024 12:22:21.784 [13340:1936:1021/122221.784:ERROR:content_settings_pref.cc(381)] Invalid pattern strings: http://[*.]www.google,com,*
10월 21, 2024 12:22:24.105 Created TensorFlow Lite XNNPACK delegate for CPU.
10월 21, 2024 12:22:24.253 [13340:6984:1021/122224.252:ERROR:registration_request.cc(291)] Registration response error message: DEPRECATED_ENDPOINT
10월 21, 2024 12:22:30.801 [12488:12680:1021/122230.801:ERROR:content_settings_pref.cc(381)] Invalid pattern strings: http://[*.]www.google,com,*
10월 21, 2024 12:22:33.117 Created TensorFlow Lite XNNPACK delegate for CPU.
10월 21, 2024 12:22:33.231 [12488:11984:1021/122233.230:ERROR:registration_request.cc(291)] Registration response error message: DEPRECATED_ENDPOINT
10월 21, 2024 12:23:05.31 [12488:11984:1021/122305.030:ERROR:registration_request.cc(291)] Registration response error message: DEPRECATED_ENDPOINT
10월 21, 2024 12:24:03.309 [12488:11984:1021/122403.308:ERROR:registration_request.cc(291)] Registration response error message: DEPRECATED_ENDPOINT
10월 21, 2024 12:25:38.766 [12488:11984:1021/122538.765:ERROR:registration_request.cc(291)] Registration response error message: DEPRECATED_ENDPOINT
10월 21, 2024 12:28:22.844 [12488:11984:1021/122822.843:ERROR:registration_request.cc(291)] Registration response error message: DEPRECATED_ENDPOINT
10월 21, 2024 12:33:54.913 [12488:11984:1021/123354.912:ERROR:registration_request.cc(291)] Registration response error message: DEPRECATED_ENDPOINT

10월 21, 2024 17:48:31.771 NEW SESSION
10월 21, 2024 17:48:31.771 [4592:4512:1021/174831.769:ERROR:content_settings_pref.cc(381)] Invalid pattern strings: http://[*.]www.google,com,*
10월 21, 2024 17:48:34.177 Created TensorFlow Lite XNNPACK delegate for CPU.
10월 21, 2024 17:48:34.299 [4592:12124:1021/174834.299:ERROR:registration_request.cc(291)] Registration response error message: DEPRECATED_ENDPOINT

10월 22, 2024 09:28:04.408 NEW SESSION
10월 22, 2024 09:28:04.408 [6068:8488:1022/092804.407:ERROR:content_settings_pref.cc(381)] Invalid pattern strings: http://[*.]www.google,com,*
10월 22, 2024 09:28:07.53 [6068:6796:1022/092807.053:ERROR:registration_request.cc(291)] Registration response error message: DEPRECATED_ENDPOINT
10월 22, 2024 09:28:07.282 Created TensorFlow Lite XNNPACK delegate for CPU.
10월 22, 2024 09:28:32.498 [6068:6796:1022/092832.497:ERROR:registration_request.cc(291)] Registration response error message: DEPRECATED_ENDPOINT
10월 22, 2024 09:29:25.440 [6068:6796:1022/092925.439:ERROR:registration_request.cc(291)] Registration response error message: DEPRECATED_ENDPOINT
10월 22, 2024 09:30:50.291 [6068:6796:1022/093050.290:ERROR:registration_request.cc(291)] Registration response error message: DEPRECATED_ENDPOINT
10월 22, 2024 09:34:18.414 [6068:6796:1022/093418.414:ERROR:registration_request.cc(291)] Registration response error message: DEPRECATED_ENDPOINT
10월 22, 2024 09:42:16.19 [6068:6796:1022/094216.018:ERROR:registration_request.cc(291)] Registration response error message: DEPRECATED_ENDPOINT

10월 22, 2024 12:04:02.315 NEW SESSION
10월 22, 2024 12:04:02.316 [9748:13156:1022/120402.314:ERROR:content_settings_pref.cc(381)] Invalid pattern strings: http://[*.]www.google,com,*
10월 22, 2024 12:04:04.657 Created TensorFlow Lite XNNPACK delegate for CPU.
10월 22, 2024 12:04:05.63 [9748:14988:1022/120405.062:ERROR:registration_request.cc(291)] Registration response error message: DEPRECATED_ENDPOINT
10월 22, 2024 12:04:29.199 [9748:14988:1022/120429.198:ERROR:registration_request.cc(291)] Registration response error message: DEPRECATED_ENDPOINT
10월 22, 2024 12:05:24.478 [9748:14988:1022/120524.477:ERROR:registration_request.cc(291)] Registration response error message: DEPRECATED_ENDPOINT
10월 22, 2024 12:07:01.635 [9748:14988:1022/120701.634:ERROR:registration_request.cc(291)] Registration response error message: DEPRECATED_ENDPOINT
10월 22, 2024 12:18:05.388 [8928:5740:1022/121805.387:ERROR:content_settings_pref.cc(381)] Invalid pattern strings: http://[*.]www.google,com,*
10월 22, 2024 12:18:07.729 Created TensorFlow Lite XNNPACK delegate for CPU.
10월 22, 2024 12:18:07.828 [8928:9952:1022/121807.827:ERROR:registration_request.cc(291)] Registration response error message: DEPRECATED_ENDPOINT
10월 22, 2024 12:18:36.564 [8928:9952:1022/121836.564:ERROR:registration_request.cc(291)] Registration response error message: DEPRECATED_ENDPOINT
10월 22, 2024 12:19:25.990 [8928:9952:1022/121925.989:ERROR:registration_request.cc(291)] Registration response error message: DEPRECATED_ENDPOINT
10월 22, 2024 12:21:20.269 [8928:9952:1022/122120.268:ERROR:registration_request.cc(291)] Registration response error message: DEPRECATED_ENDPOINT
10월 22, 2024 12:24:36.765 [8928:9952:1022/122436.764:ERROR:registration_request.cc(291)] Registration response error message: DEPRECATED_ENDPOINT

10월 23, 2024 09:20:17.287 NEW SESSION
10월 23, 2024 09:20:17.287 [13376:18000:1023/092017.286:ERROR:content_settings_pref.cc(381)] Invalid pattern strings: http://[*.]www.google,com,*
10월 23, 2024 09:20:19.800 [13376:11252:1023/092019.800:ERROR:registration_request.cc(291)] Registration response error message: DEPRECATED_ENDPOINT
10월 23, 2024 09:20:19.886 Created TensorFlow Lite XNNPACK delegate for CPU.
10월 23, 2024 09:20:43.849 [13376:11252:1023/092043.848:ERROR:registration_request.cc(291)] Registration response error message: DEPRECATED_ENDPOINT
10월 23, 2024 09:21:37.349 [13376:11252:1023/092137.348:ERROR:registration_request.cc(291)] Registration response error message: DEPRECATED_ENDPOINT
10월 23, 2024 09:23:18.443 [13376:11252:1023/092318.443:ERROR:registration_request.cc(291)] Registration response error message: DEPRECATED_ENDPOINT
10월 23, 2024 09:26:39.139 [13376:11252:1023/092639.138:ERROR:registration_request.cc(291)] Registration response error message: DEPRECATED_ENDPOINT
10월 23, 2024 09:33:46.604 [13376:11252:1023/093346.604:ERROR:registration_request.cc(291)] Registration response error message: DEPRECATED_ENDPOINT
10월 23, 2024 09:54:00.906 [13376:18000:1023/095400.906:ERROR:page_load_metrics_update_dispatcher.cc(179)] Invalid first_paint 2.373 s for first_image_paint 2.359 s
10월 23, 2024 09:54:01.17 [13376:18000:1023/095401.016:ERROR:page_load_metrics_update_dispatcher.cc(179)] Invalid first_paint 2.373 s for first_image_paint 2.359 s
10월 23, 2024 09:54:01.121 [13376:18000:1023/095401.121:ERROR:page_load_metrics_update_dispatcher.cc(179)] Invalid first_paint 2.373 s for first_image_paint 2.359 s
10월 23, 2024 09:54:01.243 [13376:18000:1023/095401.242:ERROR:page_load_metrics_update_dispatcher.cc(179)] Invalid first_paint 2.373 s for first_image_paint 2.359 s
10월 23, 2024 09:54:01.653 [13376:18000:1023/095401.653:ERROR:page_load_metrics_update_dispatcher.cc(179)] Invalid first_paint 2.373 s for first_image_paint 2.359 s
10월 23, 2024 09:54:01.785 [13376:18000:1023/095401.785:ERROR:page_load_metrics_update_dispatcher.cc(179)] Invalid first_paint 2.373 s for first_image_paint 2.359 s
10월 23, 2024 09:54:02.76 [13376:18000:1023/095402.076:ERROR:page_load_metrics_update_dispatcher.cc(179)] Invalid first_paint 2.373 s for first_image_paint 2.359 s
10월 23, 2024 10:38:12.900 [8692:8720:1023/103812.900:ERROR:content_settings_pref.cc(381)] Invalid pattern strings: http://[*.]www.google,com,*
10월 23, 2024 10:38:15.191 Created TensorFlow Lite XNNPACK delegate for CPU.
10월 23, 2024 10:38:15.271 [8692:6776:1023/103815.271:ERROR:registration_request.cc(291)] Registration response error message: DEPRECATED_ENDPOINT
10월 23, 2024 10:38:43.729 [8692:6776:1023/103843.729:ERROR:registration_request.cc(291)] Registration response error message: DEPRECATED_ENDPOINT
10월 23, 2024 10:39:35.423 [8692:6776:1023/103935.423:ERROR:registration_request.cc(291)] Registration response error message: DEPRECATED_ENDPOINT
10월 23, 2024 10:41:26.328 [8692:6776:1023/104126.328:ERROR:registration_request.cc(291)] Registration response error message: DEPRECATED_ENDPOINT
10월 23, 2024 10:44:40.538 [8692:6776:1023/104440.537:ERROR:registration_request.cc(291)] Registration response error message: DEPRECATED_ENDPOINT

10월 23, 2024 11:00:21.737 NEW SESSION
10월 23, 2024 11:00:21.737 [17272:11952:1023/110021.736:ERROR:content_settings_pref.cc(381)] Invalid pattern strings: http://[*.]www.google,com,*
10월 23, 2024 11:00:24.105 Created TensorFlow Lite XNNPACK delegate for CPU.
10월 23, 2024 11:00:24.222 [17272:2764:1023/110024.222:ERROR:registration_request.cc(291)] Registration response error message: DEPRECATED_ENDPOINT
10월 23, 2024 11:00:49.615 [17272:2764:1023/110049.614:ERROR:registration_request.cc(291)] Registration response error message: DEPRECATED_ENDPOINT
10월 23, 2024 11:01:40.60 [17272:2764:1023/110140.060:ERROR:registration_request.cc(291)] Registration response error message: DEPRECATED_ENDPOINT
10월 23, 2024 11:03:21.713 [17272:2764:1023/110321.712:ERROR:registration_request.cc(291)] Registration response error message: DEPRECATED_ENDPOINT
10월 23, 2024 11:06:11.113 [17272:2764:1023/110611.113:ERROR:registration_request.cc(291)] Registration response error message: DEPRECATED_ENDPOINT
10월 23, 2024 11:12:45.51 [17272:2764:1023/111245.051:ERROR:registration_request.cc(291)] Registration response error message: DEPRECATED_ENDPOINT
10월 23, 2024 15:10:27.294 [9668:7984:1023/151027.293:ERROR:content_settings_pref.cc(381)] Invalid pattern strings: http://[*.]www.google,com,*
10월 23, 2024 15:10:29.603 Created TensorFlow Lite XNNPACK delegate for CPU.
10월 23, 2024 15:10:29.741 [9668:13000:1023/151029.741:ERROR:registration_request.cc(291)] Registration response error message: DEPRECATED_ENDPOINT
10월 23, 2024 15:10:51.690 [9668:13000:1023/151051.689:ERROR:registration_request.cc(291)] Registration response error message: DEPRECATED_ENDPOINT
10월 23, 2024 15:11:35.364 [9668:13000:1023/151135.363:ERROR:registration_request.cc(291)] Registration response error message: DEPRECATED_ENDPOINT
10월 23, 2024 15:13:31.496 [9668:13000:1023/151331.495:ERROR:registration_request.cc(291)] Registration response error message: DEPRECATED_ENDPOINT
10월 23, 2024 15:16:53.824 [9668:13000:1023/151653.823:ERROR:registration_request.cc(291)] Registration response error message: DEPRECATED_ENDPOINT

10월 23, 2024 15:42:41.461 NEW SESSION
10월 23, 2024 15:42:41.461 [14400:1180:1023/154241.459:ERROR:content_settings_pref.cc(381)] Invalid pattern strings: http://[*.]www.google,com,*
10월 23, 2024 15:42:44.323 Created TensorFlow Lite XNNPACK delegate for CPU.
10월 23, 2024 15:42:44.406 [14400:11592:1023/154244.406:ERROR:registration_request.cc(291)] Registration response error message: DEPRECATED_ENDPOINT
10월 23, 2024 15:43:08.774 [14400:11592:1023/154308.773:ERROR:registration_request.cc(291)] Registration response error message: DEPRECATED_ENDPOINT
10월 23, 2024 15:43:50.268 [14400:11592:1023/154350.267:ERROR:registration_request.cc(291)] Registration response error message: DEPRECATED_ENDPOINT
10월 23, 2024 15:45:16.10 [14400:11592:1023/154516.009:ERROR:registration_request.cc(291)] Registration response error message: DEPRECATED_ENDPOINT
10월 23, 2024 15:48:25.746 [14400:11592:1023/154825.745:ERROR:registration_request.cc(291)] Registration response error message: DEPRECATED_ENDPOINT
10월 23, 2024 15:56:04.18 [14400:11592:1023/155604.018:ERROR:registration_request.cc(291)] Registration response error message: DEPRECATED_ENDPOINT

10월 23, 2024 17:15:13.110 NEW SESSION
10월 23, 2024 17:15:13.110 [11632:12440:1023/171513.109:ERROR:content_settings_pref.cc(381)] Invalid pattern strings: http://[*.]www.google,com,*
10월 23, 2024 17:15:15.553 Created TensorFlow Lite XNNPACK delegate for CPU.
10월 23, 2024 17:15:15.652 [11632:7044:1023/171515.651:ERROR:registration_request.cc(291)] Registration response error message: DEPRECATED_ENDPOINT
10월 23, 2024 17:18:17.506 [18516:16576:1023/171817.506:ERROR:content_settings_pref.cc(381)] Invalid pattern strings: http://[*.]www.google,com,*
10월 23, 2024 17:18:19.856 Created TensorFlow Lite XNNPACK delegate for CPU.
10월 23, 2024 17:18:19.947 [18516:14832:1023/171819.947:ERROR:registration_request.cc(291)] Registration response error message: DEPRECATED_ENDPOINT
10월 23, 2024 17:18:23.974 [18516:16576:1023/171823.973:ERROR:CONSOLE(1)] "Unknown VE context: language-mismatch", source: devtools://devtools/bundled/devtools-frontend/front_end/ui/visual_logging/visual_logging.js (1)
10월 23, 2024 17:18:24.528 [18516:16576:1023/171824.528:ERROR:CONSOLE(1)] "Unknown VE context: language-mismatch", source: devtools://devtools/bundled/devtools-frontend/front_end/ui/visual_logging/visual_logging.js (1)
10월 23, 2024 17:18:25.994 [18516:16576:1023/171825.993:ERROR:CONSOLE(1)] "Unknown VE context: language-mismatch", source: devtools://devtools/bundled/devtools-frontend/front_end/ui/visual_logging/visual_logging.js (1)
10월 23, 2024 17:18:30.693 [18516:16576:1023/171830.693:ERROR:CONSOLE(1)] "Unknown VE context: language-mismatch", source: devtools://devtools/bundled/devtools-frontend/front_end/ui/visual_logging/visual_logging.js (1)
10월 23, 2024 17:18:31.913 [18516:16576:1023/171831.913:ERROR:CONSOLE(1)] "Unknown VE context: language-mismatch", source: devtools://devtools/bundled/devtools-frontend/front_end/ui/visual_logging/visual_logging.js (1)
10월 23, 2024 17:18:32.425 [18516:16576:1023/171832.425:ERROR:CONSOLE(1)] "Unknown VE context: language-mismatch", source: devtools://devtools/bundled/devtools-frontend/front_end/ui/visual_logging/visual_logging.js (1)
10월 23, 2024 17:18:33.163 [18516:16576:1023/171833.162:ERROR:CONSOLE(1)] "Unknown VE context: language-mismatch", source: devtools://devtools/bundled/devtools-frontend/front_end/ui/visual_logging/visual_logging.js (1)
10월 23, 2024 17:18:33.747 [18516:16576:1023/171833.747:ERROR:CONSOLE(1)] "Unknown VE context: language-mismatch", source: devtools://devtools/bundled/devtools-frontend/front_end/ui/visual_logging/visual_logging.js (1)
10월 23, 2024 17:18:34.697 [18516:16576:1023/171834.697:ERROR:CONSOLE(1)] "Unknown VE context: language-mismatch", source: devtools://devtools/bundled/devtools-frontend/front_end/ui/visual_logging/visual_logging.js (1)
10월 23, 2024 17:18:37.434 [18516:16576:1023/171837.434:ERROR:CONSOLE(1)] "Unknown VE context: language-mismatch", source: devtools://devtools/bundled/devtools-frontend/front_end/ui/visual_logging/visual_logging.js (1)
10월 23, 2024 17:18:37.950 [18516:16576:1023/171837.950:ERROR:CONSOLE(1)] "Unknown VE context: language-mismatch", source: devtools://devtools/bundled/devtools-frontend/front_end/ui/visual_logging/visual_logging.js (1)
10월 23, 2024 17:18:39.23 [18516:16576:1023/171839.022:ERROR:CONSOLE(1)] "Unknown VE context: language-mismatch", source: devtools://devtools/bundled/devtools-frontend/front_end/ui/visual_logging/visual_logging.js (1)
10월 23, 2024 17:18:39.734 [18516:16576:1023/171839.734:ERROR:CONSOLE(1)] "Unknown VE context: language-mismatch", source: devtools://devtools/bundled/devtools-frontend/front_end/ui/visual_logging/visual_logging.js (1)
10월 23, 2024 17:18:40.479 [18516:16576:1023/171840.478:ERROR:CONSOLE(1)] "Unknown VE context: language-mismatch", source: devtools://devtools/bundled/devtools-frontend/front_end/ui/visual_logging/visual_logging.js (1)
10월 23, 2024 17:18:41.185 [18516:16576:1023/171841.184:ERROR:CONSOLE(1)] "Unknown VE context: language-mismatch", source: devtools://devtools/bundled/devtools-frontend/front_end/ui/visual_logging/visual_logging.js (1)
10월 23, 2024 17:18:41.785 [18516:16576:1023/171841.785:ERROR:CONSOLE(1)] "Unknown VE context: language-mismatch", source: devtools://devtools/bundled/devtools-frontend/front_end/ui/visual_logging/visual_logging.js (1)
10월 23, 2024 17:18:42.406 [18516:16576:1023/171842.406:ERROR:CONSOLE(1)] "Unknown VE context: language-mismatch", source: devtools://devtools/bundled/devtools-frontend/front_end/ui/visual_logging/visual_logging.js (1)
10월 23, 2024 17:18:43.712 [18516:14832:1023/171843.711:ERROR:registration_request.cc(291)] Registration response error message: DEPRECATED_ENDPOINT
10월 23, 2024 17:19:35.917 [18516:14832:1023/171935.916:ERROR:registration_request.cc(291)] Registration response error message: DEPRECATED_ENDPOINT
10월 23, 2024 17:21:21.825 [18516:14832:1023/172121.824:ERROR:registration_request.cc(291)] Registration response error message: DEPRECATED_ENDPOINT
10월 23, 2024 17:24:49.587 [18516:14832:1023/172449.587:ERROR:registration_request.cc(291)] Registration response error message: DEPRECATED_ENDPOINT

10월 23, 2024 17:36:44.959 NEW SESSION
10월 23, 2024 17:36:44.959 [8664:1992:1023/173644.958:ERROR:content_settings_pref.cc(381)] Invalid pattern strings: http://[*.]www.google,com,*
10월 23, 2024 17:36:48.893 Created TensorFlow Lite XNNPACK delegate for CPU.
10월 23, 2024 17:36:49.37 [8664:3064:1023/173649.037:ERROR:registration_request.cc(291)] Registration response error message: DEPRECATED_ENDPOINT
10월 23, 2024 17:37:18.626 [8664:3064:1023/173718.625:ERROR:registration_request.cc(291)] Registration response error message: DEPRECATED_ENDPOINT

10월 24, 2024 09:15:43.188 NEW SESSION
10월 24, 2024 09:15:43.188 기존 브라우저 세션에서 여는 중입니다.
10월 24, 2024 09:15:43.262 [6764:10528:1024/091543.262:ERROR:content_settings_pref.cc(381)] Invalid pattern strings: http://[*.]www.google,com,*
10월 24, 2024 09:15:45.892 Created TensorFlow Lite XNNPACK delegate for CPU.
10월 24, 2024 09:15:45.970 [6764:4796:1024/091545.969:ERROR:registration_request.cc(291)] Registration response error message: DEPRECATED_ENDPOINT
10월 24, 2024 09:16:08.185 [6764:4796:1024/091608.185:ERROR:registration_request.cc(291)] Registration response error message: DEPRECATED_ENDPOINT
10월 24, 2024 09:16:52.144 [6764:4796:1024/091652.144:ERROR:registration_request.cc(291)] Registration response error message: DEPRECATED_ENDPOINT
10월 24, 2024 09:18:20.29 [6764:10528:1024/091820.029:ERROR:CONSOLE(1)] "Unknown VE context: language-mismatch    at new He (devtools://devtools/bundled/devtools-frontend/front_end/ui/legacy/legacy.js:1:98356)
10월 24, 2024 09:18:20.29     at devtools://devtools/bundled/devtools-frontend/front_end/ui/legacy/legacy.js:1:191793
10월 24, 2024 09:18:20.29     at new oi (devtools://devtools/bundled/devtools-frontend/front_end/ui/legacy/legacy.js:1:192189)
10월 24, 2024 09:18:20.30     at oi.instance (devtools://devtools/bundled/devtools-frontend/front_end/ui/legacy/legacy.js:1:192311)
10월 24, 2024 09:18:20.30     at O.presentUI (devtools://devtools/bundled/devtools-frontend/front_end/panels/emulation/emulation.js:1:58454)
10월 24, 2024 09:18:20.30     at #I (devtools://devtools/bundled/devtools-frontend/front_end/entrypoints/main/main.js:1:17314)
10월 24, 2024 09:18:20.30     at #x (devtools://devtools/bundled/devtools-frontend/front_end/entrypoints/main/main.js:1:17109)", source: devtools://devtools/bundled/devtools-frontend/front_end/ui/visual_logging/visual_logging.js (1)
10월 24, 2024 09:18:35.423 [6764:4796:1024/091835.422:ERROR:registration_request.cc(291)] Registration response error message: DEPRECATED_ENDPOINT
10월 24, 2024 09:19:46.531 [6764:10528:1024/091946.531:ERROR:CONSOLE(1)] "Unknown VE context: language-mismatch    at new He (devtools://devtools/bundled/devtools-frontend/front_end/ui/legacy/legacy.js:1:98356)
10월 24, 2024 09:19:46.531     at devtools://devtools/bundled/devtools-frontend/front_end/ui/legacy/legacy.js:1:191793
10월 24, 2024 09:19:46.531     at new oi (devtools://devtools/bundled/devtools-frontend/front_end/ui/legacy/legacy.js:1:192189)
10월 24, 2024 09:19:46.532     at oi.instance (devtools://devtools/bundled/devtools-frontend/front_end/ui/legacy/legacy.js:1:192311)
10월 24, 2024 09:19:46.532     at O.presentUI (devtools://devtools/bundled/devtools-frontend/front_end/panels/emulation/emulation.js:1:58454)
10월 24, 2024 09:19:46.532     at #I (devtools://devtools/bundled/devtools-frontend/front_end/entrypoints/main/main.js:1:17314)
10월 24, 2024 09:19:46.532     at #x (devtools://devtools/bundled/devtools-frontend/front_end/entrypoints/main/main.js:1:17109)", source: devtools://devtools/bundled/devtools-frontend/front_end/ui/visual_logging/visual_logging.js (1)
10월 24, 2024 09:19:47.524 [6764:10528:1024/091947.524:ERROR:CONSOLE(1)] "Unknown VE context: language-mismatch    at new He (devtools://devtools/bundled/devtools-frontend/front_end/ui/legacy/legacy.js:1:98356)
10월 24, 2024 09:19:47.524     at devtools://devtools/bundled/devtools-frontend/front_end/ui/legacy/legacy.js:1:191793
10월 24, 2024 09:19:47.524     at new oi (devtools://devtools/bundled/devtools-frontend/front_end/ui/legacy/legacy.js:1:192189)
10월 24, 2024 09:19:47.524     at oi.instance (devtools://devtools/bundled/devtools-frontend/front_end/ui/legacy/legacy.js:1:192311)
10월 24, 2024 09:19:47.524     at O.presentUI (devtools://devtools/bundled/devtools-frontend/front_end/panels/emulation/emulation.js:1:58454)
10월 24, 2024 09:19:47.525     at #I (devtools://devtools/bundled/devtools-frontend/front_end/entrypoints/main/main.js:1:17314)
10월 24, 2024 09:19:47.526     at #x (devtools://devtools/bundled/devtools-frontend/front_end/entrypoints/main/main.js:1:17109)", source: devtools://devtools/bundled/devtools-frontend/front_end/ui/visual_logging/visual_logging.js (1)
10월 24, 2024 09:22:17.721 [6764:4796:1024/092217.721:ERROR:registration_request.cc(291)] Registration response error message: DEPRECATED_ENDPOINT
10월 24, 2024 09:28:46.225 [6764:10528:1024/092846.225:ERROR:CONSOLE(1)] "Unknown VE context: language-mismatch    at new He (devtools://devtools/bundled/devtools-frontend/front_end/ui/legacy/legacy.js:1:98356)
10월 24, 2024 09:28:46.225     at devtools://devtools/bundled/devtools-frontend/front_end/ui/legacy/legacy.js:1:191793
10월 24, 2024 09:28:46.226     at new oi (devtools://devtools/bundled/devtools-frontend/front_end/ui/legacy/legacy.js:1:192189)
10월 24, 2024 09:28:46.226     at oi.instance (devtools://devtools/bundled/devtools-frontend/front_end/ui/legacy/legacy.js:1:192311)
10월 24, 2024 09:28:46.226     at O.presentUI (devtools://devtools/bundled/devtools-frontend/front_end/panels/emulation/emulation.js:1:58454)
10월 24, 2024 09:28:46.226     at #I (devtools://devtools/bundled/devtools-frontend/front_end/entrypoints/main/main.js:1:17314)
10월 24, 2024 09:28:46.227     at #x (devtools://devtools/bundled/devtools-frontend/front_end/entrypoints/main/main.js:1:17109)", source: devtools://devtools/bundled/devtools-frontend/front_end/ui/visual_logging/visual_logging.js (1)
10월 24, 2024 09:30:01.295 [6764:4796:1024/093001.295:ERROR:registration_request.cc(291)] Registration response error message: DEPRECATED_ENDPOINT
10월 24, 2024 09:33:10.398 [6764:10528:1024/093310.397:ERROR:CONSOLE(1)] "Unknown VE context: language-mismatch    at new He (devtools://devtools/bundled/devtools-frontend/front_end/ui/legacy/legacy.js:1:98356)
10월 24, 2024 09:33:10.398     at devtools://devtools/bundled/devtools-frontend/front_end/ui/legacy/legacy.js:1:191793
10월 24, 2024 09:33:10.398     at new oi (devtools://devtools/bundled/devtools-frontend/front_end/ui/legacy/legacy.js:1:192189)
10월 24, 2024 09:33:10.398     at oi.instance (devtools://devtools/bundled/devtools-frontend/front_end/ui/legacy/legacy.js:1:192311)
10월 24, 2024 09:33:10.398     at O.presentUI (devtools://devtools/bundled/devtools-frontend/front_end/panels/emulation/emulation.js:1:58454)
10월 24, 2024 09:33:10.399     at #I (devtools://devtools/bundled/devtools-frontend/front_end/entrypoints/main/main.js:1:17314)
10월 24, 2024 09:33:10.399     at #x (devtools://devtools/bundled/devtools-frontend/front_end/entrypoints/main/main.js:1:17109)", source: devtools://devtools/bundled/devtools-frontend/front_end/ui/visual_logging/visual_logging.js (1)

10월 24, 2024 10:18:28.400 NEW SESSION
10월 24, 2024 10:18:28.400 [6556:16988:1024/101828.399:ERROR:content_settings_pref.cc(381)] Invalid pattern strings: http://[*.]www.google,com,*
10월 24, 2024 10:18:31.309 Created TensorFlow Lite XNNPACK delegate for CPU.
10월 24, 2024 10:18:31.452 [6556:18608:1024/101831.452:ERROR:registration_request.cc(291)] Registration response error message: DEPRECATED_ENDPOINT
10월 24, 2024 10:18:59.694 [6556:18608:1024/101859.693:ERROR:registration_request.cc(291)] Registration response error message: DEPRECATED_ENDPOINT
10월 24, 2024 10:19:49.510 [6556:18608:1024/101949.509:ERROR:registration_request.cc(291)] Registration response error message: DEPRECATED_ENDPOINT
10월 24, 2024 10:21:25.369 [6556:18608:1024/102125.367:ERROR:registration_request.cc(291)] Registration response error message: DEPRECATED_ENDPOINT
10월 24, 2024 10:25:13.843 [6556:18608:1024/102513.842:ERROR:registration_request.cc(291)] Registration response error message: DEPRECATED_ENDPOINT
10월 24, 2024 10:32:54.410 [6556:18608:1024/103254.409:ERROR:registration_request.cc(291)] Registration response error message: DEPRECATED_ENDPOINT

10월 24, 2024 11:06:44.622 NEW SESSION
10월 24, 2024 11:06:44.622 [14248:17560:1024/110644.621:ERROR:content_settings_pref.cc(381)] Invalid pattern strings: http://[*.]www.google,com,*
10월 24, 2024 11:06:47.389 Created TensorFlow Lite XNNPACK delegate for CPU.
10월 24, 2024 11:06:47.475 [14248:944:1024/110647.475:ERROR:registration_request.cc(291)] Registration response error message: DEPRECATED_ENDPOINT
10월 24, 2024 11:07:06.600 [14248:17560:1024/110706.600:ERROR:CONSOLE(1)] "Unknown VE context: language-mismatch    at new He (devtools://devtools/bundled/devtools-frontend/front_end/ui/legacy/legacy.js:1:98356)
10월 24, 2024 11:07:06.601     at devtools://devtools/bundled/devtools-frontend/front_end/ui/legacy/legacy.js:1:191793
10월 24, 2024 11:07:06.601     at new oi (devtools://devtools/bundled/devtools-frontend/front_end/ui/legacy/legacy.js:1:192189)
10월 24, 2024 11:07:06.601     at oi.instance (devtools://devtools/bundled/devtools-frontend/front_end/ui/legacy/legacy.js:1:192311)
10월 24, 2024 11:07:06.601     at O.presentUI (devtools://devtools/bundled/devtools-frontend/front_end/panels/emulation/emulation.js:1:58454)
10월 24, 2024 11:07:06.602     at #I (devtools://devtools/bundled/devtools-frontend/front_end/entrypoints/main/main.js:1:17314)
10월 24, 2024 11:07:06.602     at #x (devtools://devtools/bundled/devtools-frontend/front_end/entrypoints/main/main.js:1:17109)", source: devtools://devtools/bundled/devtools-frontend/front_end/ui/visual_logging/visual_logging.js (1)
10월 24, 2024 11:07:08.256 [14248:944:1024/110708.255:ERROR:registration_request.cc(291)] Registration response error message: DEPRECATED_ENDPOINT
10월 24, 2024 11:08:03.446 [14248:944:1024/110803.446:ERROR:registration_request.cc(291)] Registration response error message: DEPRECATED_ENDPOINT
10월 24, 2024 11:09:30.581 [14248:944:1024/110930.581:ERROR:registration_request.cc(291)] Registration response error message: DEPRECATED_ENDPOINT
10월 24, 2024 11:13:18.521 [14248:944:1024/111318.520:ERROR:registration_request.cc(291)] Registration response error message: DEPRECATED_ENDPOINT
10월 24, 2024 11:19:47.351 [14248:944:1024/111947.351:ERROR:registration_request.cc(291)] Registration response error message: DEPRECATED_ENDPOINT
10월 24, 2024 11:45:00.13 [13948:10108:1024/114500.013:ERROR:content_settings_pref.cc(381)] Invalid pattern strings: http://[*.]www.google,com,*
10월 24, 2024 11:45:02.695 Created TensorFlow Lite XNNPACK delegate for CPU.
10월 24, 2024 11:45:02.836 [13948:18784:1024/114502.836:ERROR:registration_request.cc(291)] Registration response error message: DEPRECATED_ENDPOINT
10월 24, 2024 11:45:20.365 [13948:10108:1024/114520.365:ERROR:CONSOLE(1)] "Unknown VE context: language-mismatch    at new He (devtools://devtools/bundled/devtools-frontend/front_end/ui/legacy/legacy.js:1:98356)
10월 24, 2024 11:45:20.365     at devtools://devtools/bundled/devtools-frontend/front_end/ui/legacy/legacy.js:1:191793
10월 24, 2024 11:45:20.365     at new oi (devtools://devtools/bundled/devtools-frontend/front_end/ui/legacy/legacy.js:1:192189)
10월 24, 2024 11:45:20.365     at oi.instance (devtools://devtools/bundled/devtools-frontend/front_end/ui/legacy/legacy.js:1:192311)
10월 24, 2024 11:45:20.366     at O.presentUI (devtools://devtools/bundled/devtools-frontend/front_end/panels/emulation/emulation.js:1:58454)
10월 24, 2024 11:45:20.366     at #I (devtools://devtools/bundled/devtools-frontend/front_end/entrypoints/main/main.js:1:17314)
10월 24, 2024 11:45:20.366     at #x (devtools://devtools/bundled/devtools-frontend/front_end/entrypoints/main/main.js:1:17109)", source: devtools://devtools/bundled/devtools-frontend/front_end/ui/visual_logging/visual_logging.js (1)
10월 24, 2024 11:45:26.602 [13948:18784:1024/114526.602:ERROR:registration_request.cc(291)] Registration response error message: DEPRECATED_ENDPOINT
10월 24, 2024 11:46:18.231 [13948:18784:1024/114618.230:ERROR:registration_request.cc(291)] Registration response error message: DEPRECATED_ENDPOINT
10월 24, 2024 11:48:12.533 [13948:18784:1024/114812.533:ERROR:registration_request.cc(291)] Registration response error message: DEPRECATED_ENDPOINT
10월 24, 2024 11:51:39.266 [13948:18784:1024/115139.266:ERROR:registration_request.cc(291)] Registration response error message: DEPRECATED_ENDPOINT
10월 24, 2024 11:58:27.703 [13948:18784:1024/115827.702:ERROR:registration_request.cc(291)] Registration response error message: DEPRECATED_ENDPOINT
10월 24, 2024 12:00:51.752 [8172:10672:1024/120051.752:ERROR:content_settings_pref.cc(381)] Invalid pattern strings: http://[*.]www.google,com,*
10월 24, 2024 12:00:54.327 Created TensorFlow Lite XNNPACK delegate for CPU.
10월 24, 2024 12:00:54.396 [8172:9800:1024/120054.396:ERROR:registration_request.cc(291)] Registration response error message: DEPRECATED_ENDPOINT
10월 24, 2024 12:01:22.22 [8172:10672:1024/120122.022:ERROR:CONSOLE(1)] "Unknown VE context: language-mismatch    at new He (devtools://devtools/bundled/devtools-frontend/front_end/ui/legacy/legacy.js:1:98356)
10월 24, 2024 12:01:22.23     at devtools://devtools/bundled/devtools-frontend/front_end/ui/legacy/legacy.js:1:191793
10월 24, 2024 12:01:22.23     at new oi (devtools://devtools/bundled/devtools-frontend/front_end/ui/legacy/legacy.js:1:192189)
10월 24, 2024 12:01:22.23     at oi.instance (devtools://devtools/bundled/devtools-frontend/front_end/ui/legacy/legacy.js:1:192311)
10월 24, 2024 12:01:22.24     at O.presentUI (devtools://devtools/bundled/devtools-frontend/front_end/panels/emulation/emulation.js:1:58454)
10월 24, 2024 12:01:22.24     at #I (devtools://devtools/bundled/devtools-frontend/front_end/entrypoints/main/main.js:1:17314)
10월 24, 2024 12:01:22.24     at #x (devtools://devtools/bundled/devtools-frontend/front_end/entrypoints/main/main.js:1:17109)", source: devtools://devtools/bundled/devtools-frontend/front_end/ui/visual_logging/visual_logging.js (1)
10월 24, 2024 12:01:23.469 [8172:9800:1024/120123.469:ERROR:registration_request.cc(291)] Registration response error message: DEPRECATED_ENDPOINT
10월 24, 2024 12:02:21.346 [8172:9800:1024/120221.345:ERROR:registration_request.cc(291)] Registration response error message: DEPRECATED_ENDPOINT
10월 24, 2024 12:03:46.887 [8172:9800:1024/120346.886:ERROR:registration_request.cc(291)] Registration response error message: DEPRECATED_ENDPOINT
10월 24, 2024 12:06:56.214 [18792:19368:1024/120656.214:ERROR:content_settings_pref.cc(381)] Invalid pattern strings: http://[*.]www.google,com,*
10월 24, 2024 12:06:58.763 Created TensorFlow Lite XNNPACK delegate for CPU.
10월 24, 2024 12:06:58.937 [18792:7380:1024/120658.937:ERROR:registration_request.cc(291)] Registration response error message: DEPRECATED_ENDPOINT
10월 24, 2024 12:07:24.303 [18792:7380:1024/120724.302:ERROR:registration_request.cc(291)] Registration response error message: DEPRECATED_ENDPOINT
10월 24, 2024 12:08:07.483 [18792:7380:1024/120807.483:ERROR:registration_request.cc(291)] Registration response error message: DEPRECATED_ENDPOINT
10월 24, 2024 12:10:00.329 [18792:7380:1024/121000.328:ERROR:registration_request.cc(291)] Registration response error message: DEPRECATED_ENDPOINT
10월 24, 2024 12:11:11.282 [18792:19368:1024/121111.281:ERROR:CONSOLE(1)] "Unknown VE context: language-mismatch    at new He (devtools://devtools/bundled/devtools-frontend/front_end/ui/legacy/legacy.js:1:98356)
10월 24, 2024 12:11:11.282     at devtools://devtools/bundled/devtools-frontend/front_end/ui/legacy/legacy.js:1:191793
10월 24, 2024 12:11:11.282     at new oi (devtools://devtools/bundled/devtools-frontend/front_end/ui/legacy/legacy.js:1:192189)
10월 24, 2024 12:11:11.282     at oi.instance (devtools://devtools/bundled/devtools-frontend/front_end/ui/legacy/legacy.js:1:192311)
10월 24, 2024 12:11:11.282     at O.presentUI (devtools://devtools/bundled/devtools-frontend/front_end/panels/emulation/emulation.js:1:58454)
10월 24, 2024 12:11:11.282     at #I (devtools://devtools/bundled/devtools-frontend/front_end/entrypoints/main/main.js:1:17314)
10월 24, 2024 12:11:11.282     at #x (devtools://devtools/bundled/devtools-frontend/front_end/entrypoints/main/main.js:1:17109)", source: devtools://devtools/bundled/devtools-frontend/front_end/ui/visual_logging/visual_logging.js (1)
10월 24, 2024 12:13:49.237 [18792:7380:1024/121349.236:ERROR:registration_request.cc(291)] Registration response error message: DEPRECATED_ENDPOINT
10월 24, 2024 12:19:40.649 [18792:7380:1024/121940.648:ERROR:registration_request.cc(291)] Registration response error message: DEPRECATED_ENDPOINT
